Determining if the pthread_create exist failed with the following output:
Change Dir: /home/student/capstone/CarND-Capstone/ros/build/CMakeFiles/CMakeTmp

Run Build Command:"/usr/bin/make" "cmTC_35231/fast"
/usr/bin/make -f CMakeFiles/cmTC_35231.dir/build.make CMakeFiles/cmTC_35231.dir/build
make[1]: Entering directory '/home/student/capstone/CarND-Capstone/ros/build/CMakeFiles/CMakeTmp'
Building C object CMakeFiles/cmTC_35231.dir/CheckSymbolExists.c.o
/usr/bin/cc     -o CMakeFiles/cmTC_35231.dir/CheckSymbolExists.c.o   -c /home/student/capstone/CarND-Capstone/ros/build/CMakeFiles/CMakeTmp/CheckSymbolExists.c
Linking C executable cmTC_35231
/usr/bin/cmake -E cmake_link_script CMakeFiles/cmTC_35231.dir/link.txt --verbose=1
/usr/bin/cc       CMakeFiles/cmTC_35231.dir/CheckSymbolExists.c.o  -o cmTC_35231 -rdynamic 
CMakeFiles/cmTC_35231.dir/CheckSymbolExists.c.o: In function `main':
CheckSymbolExists.c:(.text+0x16): undefined reference to `pthread_create'
collect2: error: ld returned 1 exit status
CMakeFiles/cmTC_35231.dir/build.make:97: recipe for target 'cmTC_35231' failed
make[1]: *** [cmTC_35231] Error 1
make[1]: Leaving directory '/home/student/capstone/CarND-Capstone/ros/build/CMakeFiles/CMakeTmp'
Makefile:126: recipe for target 'cmTC_35231/fast' failed
make: *** [cmTC_35231/fast] Error 2

File /home/student/capstone/CarND-Capstone/ros/build/CMakeFiles/CMakeTmp/CheckSymbolExists.c:
/* */
#include <pthread.h>

int main(int argc, char** argv)
{
  (void)argv;
#ifndef pthread_create
  return ((int*)(&pthread_create))[argc];
#else
  (void)argc;
  return 0;
#endif
}

Determining if the function pthread_create exists in the pthreads failed with the following output:
Change Dir: /home/student/capstone/CarND-Capstone/ros/build/CMakeFiles/CMakeTmp

Run Build Command:"/usr/bin/make" "cmTC_20a6a/fast"
/usr/bin/make -f CMakeFiles/cmTC_20a6a.dir/build.make CMakeFiles/cmTC_20a6a.dir/build
make[1]: Entering directory '/home/student/capstone/CarND-Capstone/ros/build/CMakeFiles/CMakeTmp'
Building C object CMakeFiles/cmTC_20a6a.dir/CheckFunctionExists.c.o
/usr/bin/cc    -DCHECK_FUNCTION_EXISTS=pthread_create   -o CMakeFiles/cmTC_20a6a.dir/CheckFunctionExists.c.o   -c /usr/share/cmake-3.5/Modules/CheckFunctionExists.c
Linking C executable cmTC_20a6a
/usr/bin/cmake -E cmake_link_script CMakeFiles/cmTC_20a6a.dir/link.txt --verbose=1
/usr/bin/cc   -DCHECK_FUNCTION_EXISTS=pthread_create    CMakeFiles/cmTC_20a6a.dir/CheckFunctionExists.c.o  -o cmTC_20a6a -rdynamic -lpthreads 
/usr/bin/ld: cannot find -lpthreads
collect2: error: ld returned 1 exit status
CMakeFiles/cmTC_20a6a.dir/build.make:97: recipe for target 'cmTC_20a6a' failed
make[1]: *** [cmTC_20a6a] Error 1
make[1]: Leaving directory '/home/student/capstone/CarND-Capstone/ros/build/CMakeFiles/CMakeTmp'
Makefile:126: recipe for target 'cmTC_20a6a/fast' failed
make: *** [cmTC_20a6a/fast] Error 2


